\BOOKMARK [0][-]{chapter.1}{\376\377\000B\000e\000v\000e\000z\000e\000t\000\351\000s}{}% 1
\BOOKMARK [0][-]{chapter.2}{\376\377\000K\000o\000n\000c\000e\000p\000c\000i\000\363}{}% 2
\BOOKMARK [1][-]{section.2.1}{\376\377\000A\000\040\000f\000e\000j\000e\000z\000e\000t\000\040\000c\000\351\000l\000j\000a}{chapter.2}% 3
\BOOKMARK [1][-]{section.2.2}{\376\377\000F\000e\000l\000h\000a\000s\000z\000n\000\341\000l\000t\000\040\000t\000e\000c\000h\000n\000o\000l\000\363\000g\000i\000\341\000k}{chapter.2}% 4
\BOOKMARK [1][-]{section.2.3}{\376\377\000M\000e\000n\000\374}{chapter.2}% 5
\BOOKMARK [1][-]{section.2.4}{\376\377\000U\000I}{chapter.2}% 6
\BOOKMARK [1][-]{section.2.5}{\376\377\000S\000z\000i\000m\000u\000l\000\341\000c\000i\000\363\000s\000\040\000k\000\366\000r\000n\000y\000e\000z\000e\000t\000\040\000s\000p\000e\000c\000i\000f\000i\000k\000\341\000l\000\341\000s\000a}{chapter.2}% 7
\BOOKMARK [2][-]{subsection.2.5.1}{\376\377\000G\000e\000n\000e\000r\000\341\000l\000\341\000s}{section.2.5}% 8
\BOOKMARK [2][-]{subsection.2.5.2}{\376\377\000S\000z\000o\000b\000\341\000k\000\040\000\351\000s\000\040\000f\000o\000l\000y\000o\000s\000\363\000k}{section.2.5}% 9
\BOOKMARK [2][-]{subsection.2.5.3}{\376\377\000M\000a\000p}{section.2.5}% 10
\BOOKMARK [1][-]{section.2.6}{\376\377\000T\000\341\000r\000g\000y\000a\000k}{chapter.2}% 11
\BOOKMARK [2][-]{subsection.2.6.1}{\376\377\000I\000t\000e\000m\000I\000D}{section.2.6}% 12
\BOOKMARK [2][-]{subsection.2.6.2}{\376\377\000I\000t\000e\000m\000N\000a\000m\000e}{section.2.6}% 13
\BOOKMARK [2][-]{subsection.2.6.3}{\376\377\000I\000t\000e\000m\000T\000y\000p\000e}{section.2.6}% 14
\BOOKMARK [2][-]{subsection.2.6.4}{\376\377\000Q\000u\000a\000n\000t\000i\000t\000y}{section.2.6}% 15
\BOOKMARK [2][-]{subsection.2.6.5}{\376\377\000M\000a\000x\000Q\000u\000a\000n\000t\000i\000t\000y}{section.2.6}% 16
\BOOKMARK [1][-]{section.2.7}{\376\377\000T\000\341\000r\000g\000y\000\040\000n\000e\000v\000e\000k}{chapter.2}% 17
\BOOKMARK [2][-]{subsection.2.7.1}{\376\377\000V\000i\000g\000o\000r\000\040\000F\000l\000a\000s\000k}{section.2.7}% 18
\BOOKMARK [2][-]{subsection.2.7.2}{\376\377\000S\000t\000e\000e\000l\000\040\000F\000l\000a\000s\000k}{section.2.7}% 19
\BOOKMARK [2][-]{subsection.2.7.3}{\376\377\000P\000o\000i\000s\000o\000n\000\040\000F\000l\000a\000s\000k}{section.2.7}% 20
\BOOKMARK [2][-]{subsection.2.7.4}{\376\377\000W\000e\000a\000k\000n\000e\000s\000s\000\040\000F\000l\000a\000s\000k}{section.2.7}% 21
\BOOKMARK [2][-]{subsection.2.7.5}{\376\377\000E\000n\000t\000i\000t\000y\000\040\000H\000e\000l\000m\000\040\000n\000o\000.\0001}{section.2.7}% 22
\BOOKMARK [2][-]{subsection.2.7.6}{\376\377\000E\000n\000t\000i\000t\000y\000\040\000H\000e\000l\000m\000\040\000n\000o\000.\0002}{section.2.7}% 23
\BOOKMARK [2][-]{subsection.2.7.7}{\376\377\000E\000n\000t\000i\000t\000y\000\040\000A\000r\000m\000o\000r\000\040\000n\000o\000.\0001}{section.2.7}% 24
\BOOKMARK [2][-]{subsection.2.7.8}{\376\377\000E\000n\000t\000i\000t\000y\000\040\000A\000r\000m\000o\000r\000\040\000n\000o\000.\0002}{section.2.7}% 25
\BOOKMARK [2][-]{subsection.2.7.9}{\376\377\000E\000n\000t\000i\000t\000y\000\040\000W\000e\000a\000p\000o\000n\000\040\000n\000o\000.\0001}{section.2.7}% 26
\BOOKMARK [2][-]{subsection.2.7.10}{\376\377\000E\000n\000t\000i\000t\000y\000\040\000W\000e\000a\000p\000o\000n\000\040\000n\000o\000.\0002}{section.2.7}% 27
\BOOKMARK [2][-]{subsection.2.7.11}{\376\377\000K\000u\000l\000c\000s}{section.2.7}% 28
\BOOKMARK [1][-]{section.2.8}{\376\377\000\301\000g\000e\000n\000s\000e\000k}{chapter.2}% 29
\BOOKMARK [2][-]{subsection.2.8.1}{\376\377\000S\000z\000i\000n\000t}{section.2.8}% 30
\BOOKMARK [2][-]{subsection.2.8.2}{\376\377\000S\000t\000a\000t\000i\000s\000z\000t\000i\000k\000a}{section.2.8}% 31
\BOOKMARK [2][-]{subsection.2.8.3}{\376\377\000T\000o\000l\000v\000a\000j}{section.2.8}% 32
\BOOKMARK [2][-]{subsection.2.8.4}{\376\377\000H\000a\000r\000c\000o\000s}{section.2.8}% 33
\BOOKMARK [2][-]{subsection.2.8.5}{\376\377\000S\000t\000a\000t\000i\000s\000z\000t\000i\000k\000\341\000k\000\040\000j\000e\000l\000e\000n\000t\001\121\000s\000s\000\351\000g\000e}{section.2.8}% 34
\BOOKMARK [2][-]{subsection.2.8.6}{\376\377\000S\000e\000b\000z\000\351\000s\000\040\000s\000z\000\341\000m\000l\000\341\000l\000\341\000s}{section.2.8}% 35
\BOOKMARK [1][-]{section.2.9}{\376\377\000\301\000g\000e\000n\000s\000\040\000t\000u\000l\000a\000j\000d\000o\000n\000s\000\341\000g\000a\000i}{chapter.2}% 36
\BOOKMARK [2][-]{subsection.2.9.1}{\376\377\000K\000i\000n\000\351\000z\000e\000t\000e\000t\000\040\000b\000e\000f\000o\000l\000y\000\341\000s\000o\000l\000\363\000\040\000t\000\351\000n\000y\000e\000z\001\121\000k}{section.2.9}% 37
\BOOKMARK [2][-]{subsection.2.9.2}{\376\377\000K\000o\000m\000m\000u\000n\000i\000k\000\341\000c\000i\000\363\000\040\000k\000\366\000z\000\366\000t\000t\000\374\000k}{section.2.9}% 38
\BOOKMARK [2][-]{subsection.2.9.3}{\376\377\000M\000e\000g\000f\000i\000g\000y\000e\000l\000\351\000s\000i\000\040\000a\000k\000c\000i\000\363\000i\000k}{section.2.9}% 39
\BOOKMARK [2][-]{subsection.2.9.4}{\376\377\000\301\000g\000e\000n\000s\000\040\000t\000e\000v\000\351\000k\000e\000n\000y\000s\000\351\000g\000e\000i\000n\000e\000k\000\040\000a\000\040\000k\000\366\000r\000e}{section.2.9}% 40
\BOOKMARK [2][-]{subsection.2.9.5}{\376\377\000\301\000g\000e\000n\000s\000\040\000f\001\121\000\040\000c\000\351\000l\000j\000a\000i}{section.2.9}% 41
\BOOKMARK [2][-]{subsection.2.9.6}{\376\377\000\301\000g\000e\000n\000s\000\040\000m\000\341\000s\000o\000d\000l\000a\000g\000o\000s\000\040\000c\000\351\000l\000j\000a\000i}{section.2.9}% 42
\BOOKMARK [2][-]{subsection.2.9.7}{\376\377\000\301\000g\000e\000n\000s\000\040\000f\000\374\000g\000g\000v\000\351\000n\000y}{section.2.9}% 43
\BOOKMARK [1][-]{section.2.10}{\376\377\000C\000\351\000l\000\040\000T\000\341\000r\000g\000y}{chapter.2}% 44
\BOOKMARK [1][-]{section.2.11}{\376\377\000E\000f\000f\000e\000k\000t\000e\000k}{chapter.2}% 45
\BOOKMARK [2][-]{subsection.2.11.1}{\376\377\000P\000o\000z\000i\000t\000\355\000v\000\040\000E\000f\000f\000e\000k\000t\000e\000k}{section.2.11}% 46
\BOOKMARK [2][-]{subsection.2.11.2}{\376\377\000N\000e\000g\000a\000t\000\355\000v\000\040\000E\000f\000f\000e\000k\000t\000e\000k}{section.2.11}% 47
\BOOKMARK [1][-]{section.2.12}{\376\377\000C\000o\000m\000b\000a\000t}{chapter.2}% 48
\BOOKMARK [1][-]{section.2.13}{\376\377\000I\000n\000t\000e\000r\000f\000a\000c\000e\000\040\000f\000e\000l\000\374\000l\000e\000t}{chapter.2}% 49
\BOOKMARK [2][-]{subsection.2.13.1}{\376\377\000M\000e\000n\000\374}{section.2.13}% 50
\BOOKMARK [2][-]{subsection.2.13.2}{\376\377\000I\000n\000v\000e\000n\000t\000o\000r\000y}{section.2.13}% 51
\BOOKMARK [2][-]{subsection.2.13.3}{\376\377\000M\000a\000p}{section.2.13}% 52
\BOOKMARK [2][-]{subsection.2.13.4}{\376\377\000K\000a\000r\000a\000k\000t\000e\000r}{section.2.13}% 53
\BOOKMARK [2][-]{subsection.2.13.5}{\376\377\000D\000o\000b\000\341\000s}{section.2.13}% 54
\BOOKMARK [2][-]{subsection.2.13.6}{\376\377\000F\000e\000l\000v\000\351\000t\000e\000l}{section.2.13}% 55
\BOOKMARK [2][-]{subsection.2.13.7}{\376\377\000K\000\366\000r\000b\000e\000t\000e\000k\000i\000n\000t\000\351\000s}{section.2.13}% 56
\BOOKMARK [2][-]{subsection.2.13.8}{\376\377\000L\000\341\000d\000a\000\040\000n\000y\000i\000t\000\341\000s}{section.2.13}% 57
\BOOKMARK [2][-]{subsection.2.13.9}{\376\377\000T\000\341\000m\000a\000d\000\341\000s}{section.2.13}% 58
\BOOKMARK [1][-]{section.2.14}{\376\377\000M\000a\000p\000o\000n\000\040\000t\000a\000l\000\341\000l\000h\000a\000t\000\363\000\040\000m\000o\000z\000g\000\341\000s\000t\000\040\000k\000i\000z\000\341\000r\000\363\000\040\000o\000b\000j\000e\000k\000t\000u\000m\000o\000k}{chapter.2}% 59
\BOOKMARK [2][-]{subsection.2.14.1}{\376\377\000L\000\341\000d\000a}{section.2.14}% 60
\BOOKMARK [2][-]{subsection.2.14.2}{\376\377\000O\000s\000z\000l\000o\000p}{section.2.14}% 61
\BOOKMARK [2][-]{subsection.2.14.3}{\376\377\000Z\000\341\000r\000t\000\040\000a\000j\000t\000\363}{section.2.14}% 62
\BOOKMARK [1][-]{section.2.15}{\376\377\000I\000d\001\121}{chapter.2}% 63
\BOOKMARK [1][-]{section.2.16}{\376\377\000K\000a\000m\000e\000r\000a}{chapter.2}% 64
\BOOKMARK [1][-]{section.2.17}{\376\377\000K\000a\000m\000e\000r\000a\000\040\000s\000z\000\366\000g}{chapter.2}% 65
\BOOKMARK [1][-]{section.2.18}{\376\377\000L\000\341\000t\000h\000a\000t\000\363\000s\000\341\000g}{chapter.2}% 66
\BOOKMARK [1][-]{section.2.19}{\376\377\000I\000r\000\341\000n\000y\000\355\000t\000\341\000s}{chapter.2}% 67
\BOOKMARK [1][-]{section.2.20}{\376\377\000T\000\341\000b\000l\000\341\000z\000a\000t\000o\000k}{chapter.2}% 68
\BOOKMARK [0][-]{chapter.3}{\376\377\000T\000e\000r\000v\000e\000z\000\351\000s}{}% 69
\BOOKMARK [1][-]{section.3.1}{\376\377\000A\000d\000a\000t\000m\000o\000d\000e\000l\000l\000e\000k}{chapter.3}% 70
\BOOKMARK [2][-]{subsection.3.1.1}{\376\377\000T\000\341\000r\000o\000l\000a\000n\000d\000\363\000\040\000e\000l\000e\000m\000e\000k}{section.3.1}% 71
\BOOKMARK [2][-]{subsection.3.1.2}{\376\377\000E\000R\000\040\000a\000d\000a\000t\000m\000o\000d\000e\000l\000l}{section.3.1}% 72
\BOOKMARK [2][-]{subsection.3.1.3}{\376\377\000S\000z\000e\000m\000a\000n\000t\000i\000k\000a\000i\000\040\000a\000d\000a\000t\000m\000o\000d\000e\000l\000l\000\040\000e\000g\000y\000e\000d\000e\000i}{section.3.1}% 73
\BOOKMARK [2][-]{subsection.3.1.4}{\376\377\000E\000g\000y\000e\000d\000\040\000t\000u\000l\000a\000j\000d\000o\000n\000s\000\341\000g\000o\000k}{section.3.1}% 74
\BOOKMARK [2][-]{subsection.3.1.5}{\376\377\000E\000g\000y\000e\000d\000e\000k\000\040\000k\000\366\000z\000\366\000t\000i\000\040\000k\000a\000p\000c\000s\000o\000l\000a\000t}{section.3.1}% 75
\BOOKMARK [1][-]{section.3.2}{\376\377\000R\000e\000l\000\341\000c\000i\000\363\000s\000\040\000a\000d\000a\000t\000m\000o\000d\000e\000l\000l}{chapter.3}% 76
\BOOKMARK [2][-]{subsection.3.2.1}{\376\377\000S\000z\000e\000m\000a\000n\000t\000i\000k\000a\000i\000\040\000a\000d\000a\000t\000m\000o\000d\000e\000l\000l\000\040\000k\000o\000n\000v\000e\000r\000t\000\341\000l\000\341\000s\000a\000\040\000r\000e\000l\000\341\000c\000i\000\363\000s\000\040\000m\000o\000d\000e\000l\000l\000r\000e}{section.3.2}% 77
\BOOKMARK [0][-]{chapter.4}{\376\377\000M\000e\000g\000v\000a\000l\000\363\000s\000\355\000t\000\341\000s}{}% 78
\BOOKMARK [0][-]{chapter.5}{\376\377\000T\000e\000s\000z\000t\000e\000l\000\351\000s}{}% 79
\BOOKMARK [0][-]{chapter.6}{\376\377\000\326\000s\000s\000z\000e\000f\000o\000g\000l\000a\000l\000\341\000s}{}% 80
\BOOKMARK [0][-]{chapter.6}{\376\377\000I\000r\000o\000d\000a\000l\000o\000m\000j\000e\000g\000y\000z\000\351\000k}{}% 81
